make --no-print-directory -C /home/nagavijayasrigayatri_munukutla/linux \
-f /home/nagavijayasrigayatri_munukutla/linux/Makefile 
set -e; mkdir -p arch/x86/include/generated/asm/; trap "rm -f arch/x86/include/generated/asm/.tmp_cpufeaturemasks.h" EXIT; { awk -f ./arch/x86/tools/cpufeaturemasks.awk ./arch/x86/include/asm/cpufeatures.h .config; } > arch/x86/include/generated/asm/.tmp_cpufeaturemasks.h; if [ ! -r arch/x86/include/generated/asm/cpufeaturemasks.h ] || ! cmp -s arch/x86/include/generated/asm/cpufeaturemasks.h arch/x86/include/generated/asm/.tmp_cpufeaturemasks.h; then : '  UPD     arch/x86/include/generated/asm/cpufeaturemasks.h'; mv -f arch/x86/include/generated/asm/.tmp_cpufeaturemasks.h arch/x86/include/generated/asm/cpufeaturemasks.h; fi
make -f ./scripts/Makefile.build obj=arch/x86/entry/syscalls all
make -f ./scripts/Makefile.build obj=scripts/basic
make -f ./scripts/Makefile.build obj=arch/x86/tools relocs
make -f ./scripts/Makefile.build obj=scripts/dtc
make -f ./scripts/Makefile.build obj=scripts
make -f ./scripts/Makefile.build obj=scripts/genksyms \
need-builtin= \
need-modorder= \

make -f ./scripts/Makefile.build obj=scripts/selinux \
need-builtin= \
need-modorder= \

make -f ./scripts/Makefile.build obj=scripts/selinux/mdp \
need-builtin= \
need-modorder= \

set -e; mkdir -p include/config/; trap "rm -f include/config/.tmp_kernel.release" EXIT; { ./scripts/setlocalversion .; } > include/config/.tmp_kernel.release; if [ ! -r include/config/kernel.release ] || ! cmp -s include/config/kernel.release include/config/.tmp_kernel.release; then : '  UPD     include/config/kernel.release'; mv -f include/config/.tmp_kernel.release include/config/kernel.release; fi
make -f ./scripts/Makefile.asm-headers obj=arch/x86/include/generated/uapi/asm \
generic=include/uapi/asm-generic
make -f ./scripts/Makefile.asm-headers obj=arch/x86/include/generated/asm \
generic=include/asm-generic
set -e; mkdir -p include/generated/uapi/linux/; trap "rm -f include/generated/uapi/linux/.tmp_version.h" EXIT; { 	if [ 0 -gt 255 ]; then echo \#define LINUX_VERSION_CODE 398079; else echo \#define LINUX_VERSION_CODE 397824; fi; echo '#define KERNEL_VERSION(a,b,c) (((a) << 16) + ((b) << 8) + ((c) > 255 ? 255 : (c)))'; echo \#define LINUX_VERSION_MAJOR 6; echo \#define LINUX_VERSION_PATCHLEVEL 18; echo \#define LINUX_VERSION_SUBLEVEL 0; } > include/generated/uapi/linux/.tmp_version.h; if [ ! -r include/generated/uapi/linux/version.h ] || ! cmp -s include/generated/uapi/linux/version.h include/generated/uapi/linux/.tmp_version.h; then : '  UPD     include/generated/uapi/linux/version.h'; mv -f include/generated/uapi/linux/.tmp_version.h include/generated/uapi/linux/version.h; fi
set -e; mkdir -p include/generated/; trap "rm -f include/generated/.tmp_utsrelease.h" EXIT; { 	if [ `echo -n "6.18.0-rc1+" | wc -c ` -gt 64 ]; then echo '"6.18.0-rc1+" exceeds 64 characters' >&2; exit 1; fi; echo \#define UTS_RELEASE \"6.18.0-rc1+\"; } > include/generated/.tmp_utsrelease.h; if [ ! -r include/generated/utsrelease.h ] || ! cmp -s include/generated/utsrelease.h include/generated/.tmp_utsrelease.h; then : '  UPD     include/generated/utsrelease.h'; mv -f include/generated/.tmp_utsrelease.h include/generated/utsrelease.h; fi
set -e; mkdir -p include/generated/; trap "rm -f include/generated/.tmp_compile.h" EXIT; { ./scripts/mkcompile_h "x86_64" "gcc (Ubuntu 11.4.0-1ubuntu1~22.04.2) 11.4.0" "ld"; } > include/generated/.tmp_compile.h; if [ ! -r include/generated/compile.h ] || ! cmp -s include/generated/compile.h include/generated/.tmp_compile.h; then : '  UPD     include/generated/compile.h'; mv -f include/generated/.tmp_compile.h include/generated/compile.h; fi
./scripts/remove-stale-files
make -f ./scripts/Makefile.build obj=scripts/mod
set -e; mkdir -p scripts/mod/; trap "rm -f scripts/mod/.tmp_devicetable-offsets.h" EXIT; { 	 echo "#ifndef __DEVICETABLE_OFFSETS_H__"; echo "#define __DEVICETABLE_OFFSETS_H__"; echo "/*"; echo " * DO NOT MODIFY."; echo " *"; echo " * This file was generated by Kbuild"; echo " */"; echo ""; sed -ne 	's:^[[:space:]]*\.ascii[[:space:]]*"\(.*\)".*:\1:; /^->/{s:->#\(.*\):/* \1 */:; s:^->\([^ ]*\) [\$#]*\([^ ]*\) \(.*\):#define \1 \2 /* \3 */:; s:->::; p;}' < scripts/mod/devicetable-offsets.s; echo ""; echo "#endif"; } > scripts/mod/.tmp_devicetable-offsets.h; if [ ! -r scripts/mod/devicetable-offsets.h ] || ! cmp -s scripts/mod/devicetable-offsets.h scripts/mod/.tmp_devicetable-offsets.h; then : '  UPD     scripts/mod/devicetable-offsets.h'; mv -f scripts/mod/.tmp_devicetable-offsets.h scripts/mod/devicetable-offsets.h; fi
make -f ./scripts/Makefile.build obj=. prepare
set -e; mkdir -p include/generated/; trap "rm -f include/generated/.tmp_timeconst.h" EXIT; { echo 1000 | bc -q kernel/time/timeconst.bc; } > include/generated/.tmp_timeconst.h; if [ ! -r include/generated/timeconst.h ] || ! cmp -s include/generated/timeconst.h include/generated/.tmp_timeconst.h; then : '  UPD     include/generated/timeconst.h'; mv -f include/generated/.tmp_timeconst.h include/generated/timeconst.h; fi
set -e; mkdir -p include/generated/; trap "rm -f include/generated/.tmp_bounds.h" EXIT; { 	 echo "#ifndef __LINUX_BOUNDS_H__"; echo "#define __LINUX_BOUNDS_H__"; echo "/*"; echo " * DO NOT MODIFY."; echo " *"; echo " * This file was generated by Kbuild"; echo " */"; echo ""; sed -ne 	's:^[[:space:]]*\.ascii[[:space:]]*"\(.*\)".*:\1:; /^->/{s:->#\(.*\):/* \1 */:; s:^->\([^ ]*\) [\$#]*\([^ ]*\) \(.*\):#define \1 \2 /* \3 */:; s:->::; p;}' < kernel/bounds.s; echo ""; echo "#endif"; } > include/generated/.tmp_bounds.h; if [ ! -r include/generated/bounds.h ] || ! cmp -s include/generated/bounds.h include/generated/.tmp_bounds.h; then : '  UPD     include/generated/bounds.h'; mv -f include/generated/.tmp_bounds.h include/generated/bounds.h; fi
set -e; mkdir -p include/generated/; trap "rm -f include/generated/.tmp_asm-offsets.h" EXIT; { 	 echo "#ifndef __ASM_OFFSETS_H__"; echo "#define __ASM_OFFSETS_H__"; echo "/*"; echo " * DO NOT MODIFY."; echo " *"; echo " * This file was generated by Kbuild"; echo " */"; echo ""; sed -ne 	's:^[[:space:]]*\.ascii[[:space:]]*"\(.*\)".*:\1:; /^->/{s:->#\(.*\):/* \1 */:; s:^->\([^ ]*\) [\$#]*\([^ ]*\) \(.*\):#define \1 \2 /* \3 */:; s:->::; p;}' < arch/x86/kernel/asm-offsets.s; echo ""; echo "#endif"; } > include/generated/.tmp_asm-offsets.h; if [ ! -r include/generated/asm-offsets.h ] || ! cmp -s include/generated/asm-offsets.h include/generated/.tmp_asm-offsets.h; then : '  UPD     include/generated/asm-offsets.h'; mv -f include/generated/.tmp_asm-offsets.h include/generated/asm-offsets.h; fi
set -e; mkdir -p include/generated/; trap "rm -f include/generated/.tmp_rq-offsets.h" EXIT; { 	 echo "#ifndef __RQ_OFFSETS_H__"; echo "#define __RQ_OFFSETS_H__"; echo "/*"; echo " * DO NOT MODIFY."; echo " *"; echo " * This file was generated by Kbuild"; echo " */"; echo ""; sed -ne 	's:^[[:space:]]*\.ascii[[:space:]]*"\(.*\)".*:\1:; /^->/{s:->#\(.*\):/* \1 */:; s:^->\([^ ]*\) [\$#]*\([^ ]*\) \(.*\):#define \1 \2 /* \3 */:; s:->::; p;}' < kernel/sched/rq-offsets.s; echo ""; echo "#endif"; } > include/generated/.tmp_rq-offsets.h; if [ ! -r include/generated/rq-offsets.h ] || ! cmp -s include/generated/rq-offsets.h include/generated/.tmp_rq-offsets.h; then : '  UPD     include/generated/rq-offsets.h'; mv -f include/generated/.tmp_rq-offsets.h include/generated/rq-offsets.h; fi
# CALL    scripts/checksyscalls.sh
  sh scripts/checksyscalls.sh gcc -Wp,-MMD,./.missing-syscalls.d -nostdinc -I./arch/x86/include -I./arch/x86/include/generated -I./include -I./include -I./arch/x86/include/uapi -I./arch/x86/include/generated/uapi -I./include/uapi -I./include/generated/uapi -include ./include/linux/compiler-version.h -include ./include/linux/kconfig.h -include ./include/linux/compiler_types.h -D__KERNEL__ -std=gnu11 -fshort-wchar -funsigned-char -fno-common -fno-PIE -fno-strict-aliasing -mno-sse -mno-mmx -mno-sse2 -mno-3dnow -mno-avx -fcf-protection=none -m64 -falign-jumps=1 -falign-loops=1 -mno-80387 -mno-fp-ret-in-387 -mpreferred-stack-boundary=3 -mskip-rax-setup -march=x86-64 -mtune=generic -mno-red-zone -mcmodel=kernel -mstack-protector-guard-reg=gs -mstack-protector-guard-symbol=__ref_stack_chk_guard -Wno-sign-compare -fno-asynchronous-unwind-tables -mindirect-branch=thunk-extern -mindirect-branch-register -mindirect-branch-cs-prefix -mfunction-return=thunk-extern -fno-jump-tables -fpatchable-function-entry=16,16 -fno-delete-null-pointer-checks -O2 -fno-allow-store-data-races -fstack-protector-strong -fno-omit-frame-pointer -fno-optimize-sibling-calls -fno-stack-clash-protection -fzero-call-used-regs=used-gpr -pg -mrecord-mcount -mfentry -DCC_USING_FENTRY -falign-functions=16 -fno-strict-overflow -fno-stack-check -fconserve-stack -fno-builtin-wcslen -Wall -Wextra -Wundef -Werror=implicit-function-declaration -Werror=implicit-int -Werror=return-type -Werror=strict-prototypes -Wno-format-security -Wno-trigraphs -Wno-frame-address -Wno-address-of-packed-member -Wmissing-declarations -Wmissing-prototypes -Wframe-larger-than=1024 -Wno-main -Wvla-larger-than=1 -Wno-pointer-sign -Wcast-function-type -Wno-array-bounds -Wno-stringop-overflow -Wno-alloc-size-larger-than -Wimplicit-fallthrough=5 -Werror=date-time -Werror=incompatible-pointer-types -Werror=designated-init -Wenum-conversion -Wunused -Wno-unused-but-set-variable -Wno-unused-const-variable -Wno-packed-not-aligned -Wno-format-overflow -Wno-format-truncation -Wno-stringop-truncation -Wno-override-init -Wno-missing-field-initializers -Wno-type-limits -Wno-shift-negative-value -Wno-maybe-uninitialized -Wno-sign-compare -Wno-unused-parameter -g -gdwarf-5      -DKBUILD_MODFILE='"./missing-syscalls"' -DKBUILD_BASENAME='"missing_syscalls"' -DKBUILD_MODNAME='"missing_syscalls"' -D__KBUILD_MODNAME=kmod_missing_syscalls 
mkdir -p ./tools
make O=/home/nagavijayasrigayatri_munukutla/linux subdir=tools -C ./tools/ objtool
mkdir -p /home/nagavijayasrigayatri_munukutla/linux/tools/objtool && make O=/home/nagavijayasrigayatri_munukutla/linux subdir=tools/objtool --no-print-directory -C objtool 
make -C /home/nagavijayasrigayatri_munukutla/linux/tools/build CFLAGS= LDFLAGS= /home/nagavijayasrigayatri_munukutla/linux/tools/objtool/fixdep
make[4]: '/home/nagavijayasrigayatri_munukutla/linux/tools/objtool/fixdep' is up to date.
make -C /home/nagavijayasrigayatri_munukutla/linux/tools/lib/subcmd/ O=/home/nagavijayasrigayatri_munukutla/linux/tools/objtool/libsubcmd \
	DESTDIR=/home/nagavijayasrigayatri_munukutla/linux/tools/objtool/libsubcmd prefix= subdir= \
	CC="gcc" LD="ld" AR="ar" EXTRA_CFLAGS="-Werror -Wbad-function-cast -Wdeclaration-after-statement -Wformat-security -Wformat-y2k -Winit-self -Wmissing-declarations -Wmissing-prototypes -Wnested-externs -Wno-system-headers -Wold-style-definition -Wpacked -Wredundant-decls -Wstrict-prototypes -Wswitch-default -Wswitch-enum -Wundef -Wwrite-strings -Wformat -Wno-type-limits -Wstrict-aliasing=3 -Wshadow -Wno-switch-default -Wno-switch-enum -Wno-packed -Wno-nested-externs -Wall -Wmissing-prototypes -Wstrict-prototypes -O2 -fomit-frame-pointer -std=gnu11   -I ./scripts/include -g -I/home/nagavijayasrigayatri_munukutla/linux/tools/include -I/home/nagavijayasrigayatri_munukutla/linux/tools/include/uapi -I/home/nagavijayasrigayatri_munukutla/linux/tools/arch/x86/include/uapi -I/home/nagavijayasrigayatri_munukutla/linux/tools/arch/x86/include -I/home/nagavijayasrigayatri_munukutla/linux/tools/objtool/include -I/home/nagavijayasrigayatri_munukutla/linux/tools/objtool/arch/x86/include -I/home/nagavijayasrigayatri_munukutla/linux/tools/objtool/libsubcmd/include " \
	/home/nagavijayasrigayatri_munukutla/linux/tools/objtool/libsubcmd/libsubcmd.a install_headers
make -C /home/nagavijayasrigayatri_munukutla/linux/tools/build CFLAGS= LDFLAGS= /home/nagavijayasrigayatri_munukutla/linux/tools/objtool/libsubcmd/fixdep
make[5]: '/home/nagavijayasrigayatri_munukutla/linux/tools/objtool/libsubcmd/fixdep' is up to date.
make[4]: 'install_headers' is up to date.
sh ./sync-check.sh
make -f /home/nagavijayasrigayatri_munukutla/linux/tools/build/Makefile.build dir=. obj=objtool CC="gcc" LD="ld" AR="ar" CFLAGS="-Werror -Wbad-function-cast -Wdeclaration-after-statement -Wformat-security -Wformat-y2k -Winit-self -Wmissing-declarations -Wmissing-prototypes -Wnested-externs -Wno-system-headers -Wold-style-definition -Wpacked -Wredundant-decls -Wstrict-prototypes -Wswitch-default -Wswitch-enum -Wundef -Wwrite-strings -Wformat -Wno-type-limits -Wstrict-aliasing=3 -Wshadow -Wno-switch-default -Wno-switch-enum -Wno-packed -Wno-nested-externs -Wall -Wmissing-prototypes -Wstrict-prototypes -O2 -fomit-frame-pointer -std=gnu11   -I ./scripts/include -g -I/home/nagavijayasrigayatri_munukutla/linux/tools/include -I/home/nagavijayasrigayatri_munukutla/linux/tools/include/uapi -I/home/nagavijayasrigayatri_munukutla/linux/tools/arch/x86/include/uapi -I/home/nagavijayasrigayatri_munukutla/linux/tools/arch/x86/include -I/home/nagavijayasrigayatri_munukutla/linux/tools/objtool/include -I/home/nagavijayasrigayatri_munukutla/linux/tools/objtool/arch/x86/include -I/home/nagavijayasrigayatri_munukutla/linux/tools/objtool/libsubcmd/include " \
	LDFLAGS="-lelf /home/nagavijayasrigayatri_munukutla/linux/tools/objtool/libsubcmd/libsubcmd.a  "
make -f /home/nagavijayasrigayatri_munukutla/linux/tools/build/Makefile.build dir=./arch/x86 obj=objtool
make -f ./scripts/Makefile.build obj=. need-builtin=1 need-modorder=1 
make -f ./scripts/Makefile.build obj=certs \
need-builtin=1 \
need-modorder=1 \

make[3]: *** No rule to make target 'debian/canonical-certs.pem', needed by 'certs/x509_certificate_list'.  Stop.
make[2]: *** [scripts/Makefile.build:556: certs] Error 2
make[1]: *** [/home/nagavijayasrigayatri_munukutla/linux/Makefile:2010: .] Error 2
make: *** [Makefile:248: __sub-make] Error 2
